[38;5;161m[    c-scripting-core] [0m[0mCreating script environments for _cfx_internal
[38;5;73m[ citizen-server-impl] [0m[0m[32mScanning resources.[0m
[38;5;163m[    c-resources-core] [0m[0mResource loading for node_modules failed:
[38;5;163m[    c-resources-core] [0m[0mCould not open resource metadata file - no such file.
[38;5;73m[ citizen-server-impl] [0m[0m[32mFound 29 resources.[0m
[38;5;66m[          svadhesive] [0m[0mAuthenticating server license key...
[38;5;66m[          svadhesive] [0m[0mServer license key authentication succeeded. Welcome!
[38;5;161m[    c-scripting-core] [0m[0mCreating script environments for yarn
[38;5;73m[ citizen-server-impl] [0m[0mStarted resource yarn
[38;5;161m[    c-scripting-core] [0m[0mCreating script environments for sessionmanager-rdr3
[38;5;73m[ citizen-server-impl] [0m[0mStarted resource sessionmanager-rdr3
[38;5;161m[    c-scripting-core] [0m[0mCreating script environments for oxmysql
[38;5;73m[ citizen-server-impl] [0m[0mStarted resource oxmysql
[38;5;73m[ citizen-server-impl] [0m[0mStarted resource mkframe-loadscreen
[38;5;161m[    c-scripting-core] [0m[0mCreating script environments for mkframe-connect
[38;5;73m[ citizen-server-impl] [0m[0mStarted resource mkframe-connect
cfx> [38;5;42m[      script:oxmysql] [0m[0m[32mDatabase server connection established![97m
[38;5;73m[ citizen-server-impl] [0m[97m[91m        fff                          
[38;5;73m[ citizen-server-impl] [0m[91m[91m  cccc ff   xx  xx     rr rr    eee  
[38;5;73m[ citizen-server-impl] [0m[91m[91mcc     ffff   xx       rrr  r ee   e 
[38;5;73m[ citizen-server-impl] [0m[91m[91mcc     ff     xx   ... rr     eeeee  
[38;5;73m[ citizen-server-impl] [0m[91m[91m ccccc ff   xx  xx ... rr      eeeee 
[38;5;73m[ citizen-server-impl] [0m[91m                                     [0m
[38;5;73m[ citizen-server-impl] [0m[0m[32mAuthenticated with cfx.re Nucleus: [0mhttps://rzakx-b9le4d.users.cfx.re/
[6G[J[0;1;35mr[0m[0;1;30mateLimiter_http_info_burst[0m[7G[6G[J[0;1;35mre[0m[0;1;30mfresh[0m[8G[6G[J[0;1;35mres[0m[0;1;30mtart[0m[9G[6G[J[0;1;35mrest[0m[0;1;30mart[0m[10G[6G[J[0;1;35mresta[0m[0;1;30mrt[0m[11G[6G[J[0;1;35mrestar[0m[0;1;30mt[0m[12G[6G[J[0;1;35mrestart[0m[13G[6G[J[0;1;35mrestart[0m [0m[0;1;30mbaseevents[0m[14G[6G[J[0;1;35mrestart[0m m[0m[0;1;30mapmanager[0m[15G[6G[J[0;1;35mrestart[0m mk[0m[0;1;30mframe-connect[0m[16G[6G[J[0;1;35mrestart[0m mkf[0m[0;1;30mrame-connect[0m[17G[6G[J[0;1;35mrestart[0m mkframe-[0m[0;1;30mconnect[0m[22G[6G[J[0;1;35mrestart[0m mkframe-l[0m[0;1;30moadscreen[0m[23G[6G[J[0;1;35mrestart[0m mkframe-lo[0m[0;1;30madscreen[0m[24G[6G[J[0;1;35mrestart[0m mkframe-loadscreen[0m[32G[6G[J[0;1;35mrestart[0m mkframe-loadscreen[0m[32G
[38;5;73m[ citizen-server-impl] [0m[0mStopping resource mkframe-loadscreen
[38;5;73m[ citizen-server-impl] [0m[0mStarted resource mkframe-loadscreen
cfx> [38;5;66m[script:mkframe-conne] [0m[0msotiio wchodzi na serwer | steam:11000010f1ed1a7
[6G[J[0;1;35mrestart[0m mkframe-loadscreen[0m[32G[6G[J[0m[6G[6G[J[0;1;35mr[0m[0;1;30mateLimiter_getinfo_burst[0m[7G[6G[J[0;1;35mre[0m[0;1;30mfresh[0m[8G[6G[J[0;1;35mref[0m[0;1;30mresh[0m[9G[6G[J[0;1;35mrefr[0m[0;1;30mesh[0m[10G[6G[J[0;1;35mrefre[0m[0;1;30msh[0m[11G[6G[J[0;1;35mrefres[0m[0;1;30mh[0m[12G[6G[J[0;1;35mrefresh[0m[13G[6G[J[0;1;35mrefresh[0m[13G
[38;5;73m[ citizen-server-impl] [0m[0m[32mScanning resources.[0m
[38;5;163m[    c-resources-core] [0m[0mResource loading for node_modules failed:
[38;5;163m[    c-resources-core] [0m[0mCould not open resource metadata file - no such file.
[38;5;73m[ citizen-server-impl] [0m[0m[32mFound 1 new resources, and refreshed 1/28 resources.[0m
cfx> [6G[J[0;1;35mrefresh[0m[13G[6G[J[0;1;35mrestart[0m mkframe-loadscreen[0m[32G[6G[J[0;1;35mrestart[0m mkframe-loadscreen[0m[32G
[38;5;73m[ citizen-server-impl] [0m[0mStopping resource mkframe-loadscreen
[38;5;73m[ citizen-server-impl] [0m[0mStarted resource mkframe-loadscreen
cfx> [38;5;66m[script:mkframe-conne] [0m[0mGracz sotiio wyszedł. (Powod: Disconnected.)
[38;5;66m[script:mkframe-conne] [0m[0msotiio wchodzi na serwer | steam:11000010f1ed1a7
[38;5;66m[script:mkframe-conne] [0m[0mGracz sotiio wyszedł. (Powod: Exiting)
[38;5;66m[script:mkframe-conne] [0m[0msotiio wchodzi na serwer | steam:11000010f1ed1a7
[6G[J[0;1;35mrestart[0m mkframe-loadscreen[0m[32G[6G[J[0;1;35mrestart[0m mkframe-loadscreen[0m[32G
[38;5;73m[ citizen-server-impl] [0m[0mStopping resource mkframe-loadscreen
[38;5;73m[ citizen-server-impl] [0m[0mStarted resource mkframe-loadscreen
cfx> [6G[J[0;1;35me[0m[0;1;30mndpoint_add_tcp[0m[7G[6G[J[0;1;35men[0m[0;1;30mdpoint_add_tcp[0m[8G[6G[J[0;1;35mens[0m[0;1;30mure[0m[9G[6G[J[0;1;35mensu[0m[0;1;30mre[0m[10G[6G[J[0;1;35mensur[0m[0;1;30me[0m[11G[6G[J[0;1;35mensure[0m[12G[6G[J[0;1;35mensure[0m [0m[0;1;30mbaseevents[0m[13G[6G[J[0;1;35mensure[0m b[0m[0;1;30maseevents[0m[14G[6G[J[0;1;35mensure[0m ba[0m[0;1;30mseevents[0m[15G[6G[J[0;1;35mensure[0m bas[0m[0;1;30meevents[0m[16G[6G[J[0;1;35mensure[0m basi[0m[0;1;30mc-gamemode[0m[17G[6G[J[0;1;35mensure[0m basic[0m[0;1;30m-gamemode[0m[18G[6G[J[0;1;35mensure[0m basic-gamemode[0m[27G[6G[J[0;1;35mensure[0m basic-gamemode[0m[27G
[38;5;73m[ citizen-server-impl] [0m[0mStarted resource basic-gamemode
cfx> [6G[J[0;1;35me[0m[0;1;30mndpoint_add_tcp[0m[7G[6G[J[0;1;35men[0m[0;1;30mdpoint_add_tcp[0m[8G[6G[J[0;1;35mens[0m[0;1;30mure[0m[9G[6G[J[0;1;35mensu[0m[0;1;30mre[0m[10G[6G[J[0;1;35mensur[0m[0;1;30me[0m[11G[6G[J[0;1;35mensure[0m[12G[6G[J[0;1;35mensure[0m [0m[0;1;30mbaseevents[0m[13G[6G[J[0;1;35mensure[0m m[0m[0;1;30mapmanager[0m[14G[6G[J[0;1;35mensure[0m ma[0m[0;1;30mpmanager[0m[15G[6G[J[0;1;35mensure[0m map[0m[0;1;30mmanager[0m[16G[6G[J[0;1;35mensure[0m mapm[0m[0;1;30manager[0m[17G[6G[J[0;1;35mensure[0m mapmanager[0m[23G[6G[J[0;1;35mensure[0m mapmanager[0m[23G
[38;5;161m[    c-scripting-core] [0m[0mCreating script environments for mapmanager
[38;5;73m[ citizen-server-impl] [0m[0mStarted resource mapmanager
cfx> [38;5;66m[script:mkframe-conne] [0m[0mGracz sotiio wyszedł. (Powod: Disconnected.)
[38;5;66m[script:mkframe-conne] [0m[0msotiio wchodzi na serwer | steam:11000010f1ed1a7
[6G[J[0;1;35mensure[0m mapmanager[0m[23G[6G[J[0;1;35mensure[0m basic-gamemode[0m[27G[6G[J[0;1;35mrestart[0m mkframe-loadscreen[0m[32G[6G[J[0;1;35mrestart[0m mkframe-loadscreen[0m[32G
[38;5;73m[ citizen-server-impl] [0m[0mStopping resource mkframe-loadscreen
[38;5;73m[ citizen-server-impl] [0m[0mStarted resource mkframe-loadscreen
cfx> [6G[J[0;1;35mq[0m[0;1;30muit[0m[7G[6G[J[0;1;35mqu[0m[0;1;30mit[0m[8G[6G[J[0;1;35mqui[0m[0;1;30mt[0m[9G[6G[J[0;1;35mquit[0m[10G[6G[J[0;1;35mquit[0m[10G
[38;5;186m[ citizen-server-main] [0m[0m-> Quitting: Quit command executed.
[38;5;66m[script:mkframe-conne] [0m[0mGracz sotiio wyszedł. (Powod: Server shutting down: Quit command executed.)
cfx> 